   1              		.syntax unified
   2              		.cpu cortex-m3
   3              		.fpu softvfp
   4              		.eabi_attribute 20, 1
   5              		.eabi_attribute 21, 1
   6              		.eabi_attribute 23, 3
   7              		.eabi_attribute 24, 1
   8              		.eabi_attribute 25, 1
   9              		.eabi_attribute 26, 1
  10              		.eabi_attribute 30, 4
  11              		.eabi_attribute 34, 1
  12              		.eabi_attribute 18, 4
  13              		.thumb
  14              		.file	"spi_flash.cpp"
  15              		.text
  16              		.align	1
  17              		.thumb
  18              		.thumb_func
  20              	_ZL15spiExchangeBytec:
  21              		@ args = 0, pretend = 0, frame = 0
  22              		@ frame_needed = 0, uses_anonymous_args = 0
  23              		@ link register save eliminated.
  24 0000 044B     		ldr	r3, .L4
  25 0002 9860     		str	r0, [r3, #8]
  26              	.L2:
  27 0004 DA68     		ldr	r2, [r3, #12]
  28 0006 D206     		lsls	r2, r2, #27
  29 0008 FCD4     		bmi	.L2
  30 000a 024B     		ldr	r3, .L4
  31 000c 9868     		ldr	r0, [r3, #8]
  32 000e C0B2     		uxtb	r0, r0
  33 0010 7047     		bx	lr
  34              	.L5:
  35 0012 00BF     		.align	2
  36              	.L4:
  37 0014 00000340 		.word	1073938432
  39              		.align	1
  40              		.thumb
  41              		.thumb_func
  43              	_ZL16waitUntilNotBusyv:
  44              		@ args = 0, pretend = 0, frame = 0
  45              		@ frame_needed = 0, uses_anonymous_args = 0
  46 0018 10B5     		push	{r4, lr}
  47 001a 074C     		ldr	r4, .L9
  48 001c 4023     		movs	r3, #64
  49 001e E361     		str	r3, [r4, #28]
  50 0020 D720     		movs	r0, #215
  51 0022 FFF7EDFF 		bl	_ZL15spiExchangeBytec
  52              	.L7:
  53 0026 FF20     		movs	r0, #255
  54 0028 FFF7EAFF 		bl	_ZL15spiExchangeBytec
  55 002c 0106     		lsls	r1, r0, #24
  56 002e FAD5     		bpl	.L7
  57 0030 4023     		movs	r3, #64
  58 0032 A361     		str	r3, [r4, #24]
  59 0034 10BD     		pop	{r4, pc}
  60              	.L10:
  61 0036 00BF     		.align	2
  62              	.L9:
  63 0038 00C00920 		.word	537509888
  65              		.align	1
  66              		.thumb
  67              		.thumb_func
  69              	_ZL15flash_WritePagePh16FlashAddressType.isra.1:
  70              		@ args = 0, pretend = 0, frame = 0
  71              		@ frame_needed = 0, uses_anonymous_args = 0
  72 003c 2DE9F843 		push	{r3, r4, r5, r6, r7, r8, r9, lr}
  73 0040 0E4D     		ldr	r5, .L12
  74 0042 4026     		movs	r6, #64
  75 0044 0F46     		mov	r7, r1
  76 0046 9046     		mov	r8, r2
  77 0048 9946     		mov	r9, r3
  78 004a 0446     		mov	r4, r0
  79 004c FFF7E4FF 		bl	_ZL16waitUntilNotBusyv
  80 0050 EE61     		str	r6, [r5, #28]
  81 0052 8220     		movs	r0, #130
  82 0054 FFF7D4FF 		bl	_ZL15spiExchangeBytec
  83 0058 4846     		mov	r0, r9
  84 005a FFF7D1FF 		bl	_ZL15spiExchangeBytec
  85 005e 4046     		mov	r0, r8
  86 0060 FFF7CEFF 		bl	_ZL15spiExchangeBytec
  87 0064 3846     		mov	r0, r7
  88 0066 FFF7CBFF 		bl	_ZL15spiExchangeBytec
  89 006a 2046     		mov	r0, r4
  90 006c 4FF48071 		mov	r1, #256
  91 0070 0122     		movs	r2, #1
  92 0072 FFF7FEFF 		bl	spi1_dma_transfer_block
  93 0076 AE61     		str	r6, [r5, #24]
  94 0078 BDE8F883 		pop	{r3, r4, r5, r6, r7, r8, r9, pc}
  95              	.L13:
  96              		.align	2
  97              	.L12:
  98 007c 00C00920 		.word	537509888
 100              		.align	1
 101              		.global	flash_Initialize
 102              		.thumb
 103              		.thumb_func
 105              	flash_Initialize:
 106              		@ args = 0, pretend = 0, frame = 0
 107              		@ frame_needed = 0, uses_anonymous_args = 0
 108 0080 70B5     		push	{r4, r5, r6, lr}
 109 0082 164C     		ldr	r4, .L17
 110 0084 4025     		movs	r5, #64
 111 0086 FFF7C7FF 		bl	_ZL16waitUntilNotBusyv
 112 008a D720     		movs	r0, #215
 113 008c E561     		str	r5, [r4, #28]
 114 008e FFF7B7FF 		bl	_ZL15spiExchangeBytec
 115 0092 FF20     		movs	r0, #255
 116 0094 FFF7B4FF 		bl	_ZL15spiExchangeBytec
 117 0098 A561     		str	r5, [r4, #24]
 118 009a 0646     		mov	r6, r0
 119 009c E561     		str	r5, [r4, #28]
 120 009e 9F20     		movs	r0, #159
 121 00a0 FFF7AEFF 		bl	_ZL15spiExchangeBytec
 122 00a4 FF20     		movs	r0, #255
 123 00a6 FFF7ABFF 		bl	_ZL15spiExchangeBytec
 124 00aa F307     		lsls	r3, r6, #31
 125 00ac A561     		str	r5, [r4, #24]
 126 00ae 11D4     		bmi	.L15
 127 00b0 E561     		str	r5, [r4, #28]
 128 00b2 3D20     		movs	r0, #61
 129 00b4 FFF7A4FF 		bl	_ZL15spiExchangeBytec
 130 00b8 2A20     		movs	r0, #42
 131 00ba FFF7A1FF 		bl	_ZL15spiExchangeBytec
 132 00be 8020     		movs	r0, #128
 133 00c0 FFF79EFF 		bl	_ZL15spiExchangeBytec
 134 00c4 A620     		movs	r0, #166
 135 00c6 FFF79BFF 		bl	_ZL15spiExchangeBytec
 136 00ca A561     		str	r5, [r4, #24]
 137 00cc 0448     		ldr	r0, .L17+4
 138 00ce FFF7FEFF 		bl	puts
 139              	.L16:
 140 00d2 FEE7     		b	.L16
 141              	.L15:
 142 00d4 1F38     		subs	r0, r0, #31
 143 00d6 18BF     		it	ne
 144 00d8 0120     		movne	r0, #1
 145 00da 70BD     		pop	{r4, r5, r6, pc}
 146              	.L18:
 147              		.align	2
 148              	.L17:
 149 00dc 00C00920 		.word	537509888
 150 00e0 00000000 		.word	.LC0
 152              		.align	1
 153              		.global	flash_ReadSector
 154              		.thumb
 155              		.thumb_func
 157              	flash_ReadSector:
 158              		@ args = 0, pretend = 0, frame = 0
 159              		@ frame_needed = 0, uses_anonymous_args = 0
 160 00e4 70B5     		push	{r4, r5, r6, lr}
 161 00e6 4C02     		lsls	r4, r1, #9
 162 00e8 0546     		mov	r5, r0
 163 00ea 1646     		mov	r6, r2
 164 00ec FFF794FF 		bl	_ZL16waitUntilNotBusyv
 165 00f0 184B     		ldr	r3, .L24
 166 00f2 4022     		movs	r2, #64
 167 00f4 DA61     		str	r2, [r3, #28]
 168 00f6 184B     		ldr	r3, .L24+4
 169 00f8 C4F30722 		ubfx	r2, r4, #8, #8
 170 00fc C4F30741 		ubfx	r1, r4, #16, #8
 171 0100 D2B2     		uxtb	r2, r2
 172 0102 E820     		movs	r0, #232
 173 0104 9860     		str	r0, [r3, #8]
 174 0106 E4B2     		uxtb	r4, r4
 175 0108 9960     		str	r1, [r3, #8]
 176 010a 9A60     		str	r2, [r3, #8]
 177 010c FF22     		movs	r2, #255
 178 010e 9C60     		str	r4, [r3, #8]
 179 0110 9A60     		str	r2, [r3, #8]
 180 0112 9A60     		str	r2, [r3, #8]
 181 0114 9A60     		str	r2, [r3, #8]
 182 0116 9A60     		str	r2, [r3, #8]
 183              	.L20:
 184 0118 DC68     		ldr	r4, [r3, #12]
 185 011a 0F4A     		ldr	r2, .L24+4
 186 011c 14F01004 		ands	r4, r4, #16
 187 0120 FAD1     		bne	.L20
 188 0122 9368     		ldr	r3, [r2, #8]
 189 0124 9368     		ldr	r3, [r2, #8]
 190 0126 9368     		ldr	r3, [r2, #8]
 191 0128 9368     		ldr	r3, [r2, #8]
 192 012a 9368     		ldr	r3, [r2, #8]
 193 012c 9368     		ldr	r3, [r2, #8]
 194 012e 9368     		ldr	r3, [r2, #8]
 195 0130 9368     		ldr	r3, [r2, #8]
 196 0132 08E0     		b	.L21
 197              	.L22:
 198 0134 2846     		mov	r0, r5
 199 0136 4FF40071 		mov	r1, #512
 200 013a 0022     		movs	r2, #0
 201 013c FFF7FEFF 		bl	spi1_dma_transfer_block
 202 0140 05F50075 		add	r5, r5, #512
 203 0144 0134     		adds	r4, r4, #1
 204              	.L21:
 205 0146 B442     		cmp	r4, r6
 206 0148 F4DB     		blt	.L22
 207 014a 024B     		ldr	r3, .L24
 208 014c 4022     		movs	r2, #64
 209 014e 9A61     		str	r2, [r3, #24]
 210 0150 0020     		movs	r0, #0
 211 0152 70BD     		pop	{r4, r5, r6, pc}
 212              	.L25:
 213              		.align	2
 214              	.L24:
 215 0154 00C00920 		.word	537509888
 216 0158 00000340 		.word	1073938432
 218              		.align	1
 219              		.global	flash_WriteSector
 220              		.thumb
 221              		.thumb_func
 223              	flash_WriteSector:
 224              		@ args = 0, pretend = 0, frame = 0
 225              		@ frame_needed = 0, uses_anonymous_args = 0
 226 015c 2DE9F041 		push	{r4, r5, r6, r7, r8, lr}
 227 0160 0546     		mov	r5, r0
 228 0162 9046     		mov	r8, r2
 229 0164 4C02     		lsls	r4, r1, #9
 230 0166 0026     		movs	r6, #0
 231 0168 18E0     		b	.L27
 232              	.L28:
 233 016a E1B2     		uxtb	r1, r4
 234 016c C4F30722 		ubfx	r2, r4, #8, #8
 235 0170 C4F30743 		ubfx	r3, r4, #16, #8
 236 0174 2846     		mov	r0, r5
 237 0176 2746     		mov	r7, r4
 238 0178 04F58074 		add	r4, r4, #256
 239 017c FFF75EFF 		bl	_ZL15flash_WritePagePh16FlashAddressType.isra.1
 240 0180 05F58070 		add	r0, r5, #256
 241 0184 E1B2     		uxtb	r1, r4
 242 0186 C4F30722 		ubfx	r2, r4, #8, #8
 243 018a C4F30743 		ubfx	r3, r4, #16, #8
 244 018e FFF755FF 		bl	_ZL15flash_WritePagePh16FlashAddressType.isra.1
 245 0192 05F50075 		add	r5, r5, #512
 246 0196 07F50074 		add	r4, r7, #512
 247 019a 0136     		adds	r6, r6, #1
 248              	.L27:
 249 019c 4645     		cmp	r6, r8
 250 019e E4DB     		blt	.L28
 251 01a0 0020     		movs	r0, #0
 252 01a2 BDE8F081 		pop	{r4, r5, r6, r7, r8, pc}
 254              		.align	1
 255              		.global	flash_ioctl
 256              		.thumb
 257              		.thumb_func
 259              	flash_ioctl:
 260              		@ args = 0, pretend = 0, frame = 0
 261              		@ frame_needed = 0, uses_anonymous_args = 0
 262 01a6 08B5     		push	{r3, lr}
 263 01a8 0728     		cmp	r0, #7
 264 01aa 13D8     		bhi	.L37
 265 01ac DFE800F0 		tbb	[pc, r0]
 266              	.L36:
 267 01b0 04       		.byte	(.L31-.L36)/2
 268 01b1 07       		.byte	(.L32-.L36)/2
 269 01b2 0A       		.byte	(.L33-.L36)/2
 270 01b3 0E       		.byte	(.L34-.L36)/2
 271 01b4 10       		.byte	(.L38-.L36)/2
 272 01b5 10       		.byte	(.L38-.L36)/2
 273 01b6 10       		.byte	(.L38-.L36)/2
 274 01b7 10       		.byte	(.L38-.L36)/2
 275              		.align	1
 276              	.L31:
 277 01b8 FFF72EFF 		bl	_ZL16waitUntilNotBusyv
 278 01bc 08E0     		b	.L38
 279              	.L32:
 280 01be 4FF40063 		mov	r3, #2048
 281 01c2 04E0     		b	.L39
 282              	.L33:
 283 01c4 4FF40073 		mov	r3, #512
 284 01c8 0B80     		strh	r3, [r1, #0]	@ movhi
 285 01ca 01E0     		b	.L38
 286              	.L34:
 287 01cc 0123     		movs	r3, #1
 288              	.L39:
 289 01ce 0B60     		str	r3, [r1, #0]
 290              	.L38:
 291 01d0 0020     		movs	r0, #0
 292 01d2 08BD     		pop	{r3, pc}
 293              	.L37:
 294 01d4 0420     		movs	r0, #4
 295 01d6 08BD     		pop	{r3, pc}
 297              		.section	.rodata.str1.1,"aMS",%progbits,1
 298              	.LC0:
 299 0000 2D2D2D2D 		.ascii	"----> POWER OFF AND POWER ON CPU TO INITIALIZE FLAS"
 299      3E20504F 
 299      57455220 
 299      4F464620 
 299      414E4420 
 300 0033 48204D45 		.ascii	"H MEMORY!!! <-------\000"
 300      4D4F5259 
 300      21212120 
 300      3C2D2D2D 
 300      2D2D2D2D 
 301              		.ident	"GCC: (GNU Tools for ARM Embedded Processors) 4.6.2 20120613 (release) [ARM/embedded-4_6-br
DEFINED SYMBOLS
                            *ABS*:00000000 spi_flash.cpp
     /tmp/cc8VWtyc.s:16     .text:00000000 $t
     /tmp/cc8VWtyc.s:20     .text:00000000 _ZL15spiExchangeBytec
     /tmp/cc8VWtyc.s:37     .text:00000014 $d
     /tmp/cc8VWtyc.s:39     .text:00000018 $t
     /tmp/cc8VWtyc.s:43     .text:00000018 _ZL16waitUntilNotBusyv
     /tmp/cc8VWtyc.s:63     .text:00000038 $d
     /tmp/cc8VWtyc.s:65     .text:0000003c $t
     /tmp/cc8VWtyc.s:69     .text:0000003c _ZL15flash_WritePagePh16FlashAddressType.isra.1
     /tmp/cc8VWtyc.s:98     .text:0000007c $d
     /tmp/cc8VWtyc.s:100    .text:00000080 $t
     /tmp/cc8VWtyc.s:105    .text:00000080 flash_Initialize
     /tmp/cc8VWtyc.s:149    .text:000000dc $d
     /tmp/cc8VWtyc.s:152    .text:000000e4 $t
     /tmp/cc8VWtyc.s:157    .text:000000e4 flash_ReadSector
     /tmp/cc8VWtyc.s:215    .text:00000154 $d
     /tmp/cc8VWtyc.s:218    .text:0000015c $t
     /tmp/cc8VWtyc.s:223    .text:0000015c flash_WriteSector
     /tmp/cc8VWtyc.s:259    .text:000001a6 flash_ioctl
     /tmp/cc8VWtyc.s:267    .text:000001b0 $d
     /tmp/cc8VWtyc.s:275    .text:000001b8 $t

UNDEFINED SYMBOLS
spi1_dma_transfer_block
puts
