   1              		.syntax unified
   2              		.cpu cortex-m3
   3              		.fpu softvfp
   4              		.eabi_attribute 20, 1
   5              		.eabi_attribute 21, 1
   6              		.eabi_attribute 23, 3
   7              		.eabi_attribute 24, 1
   8              		.eabi_attribute 25, 1
   9              		.eabi_attribute 26, 1
  10              		.eabi_attribute 30, 4
  11              		.eabi_attribute 34, 1
  12              		.eabi_attribute 18, 4
  13              		.thumb
  14              		.syntax unified
  15              		.file	"printf_lib.c"
  16              		.text
  17              		.align	1
  18              		.global	u0_dbg_printf
  19              		.thumb
  20              		.thumb_func
  22              	u0_dbg_printf:
  23              		@ args = 4, pretend = 16, frame = 136
  24              		@ frame_needed = 0, uses_anonymous_args = 1
  25 0000 0FB4     		push	{r0, r1, r2, r3}
  26 0002 30B5     		push	{r4, r5, lr}
  27 0004 A3B0     		sub	sp, sp, #140
  28 0006 26AC     		add	r4, sp, #152
  29 0008 54F8045B 		ldr	r5, [r4], #4
  30 000c 8022     		movs	r2, #128
  31 000e 0021     		movs	r1, #0
  32 0010 02A8     		add	r0, sp, #8
  33 0012 FFF7FEFF 		bl	memset
  34 0016 2246     		mov	r2, r4
  35 0018 2946     		mov	r1, r5
  36 001a 02A8     		add	r0, sp, #8
  37 001c 0194     		str	r4, [sp, #4]
  38 001e FFF7FEFF 		bl	vsprintf
  39 0022 0546     		mov	r5, r0
  40 0024 0DF10704 		add	r4, sp, #7
  41              	.L2:
  42 0028 14F8010F 		ldrb	r0, [r4, #1]!	@ zero_extendqisi2
  43 002c 10B1     		cbz	r0, .L5
  44 002e FFF7FEFF 		bl	uart0_putchar
  45 0032 F9E7     		b	.L2
  46              	.L5:
  47 0034 2846     		mov	r0, r5
  48 0036 23B0     		add	sp, sp, #140
  49              		@ sp needed
  50 0038 BDE83040 		pop	{r4, r5, lr}
  51 003c 04B0     		add	sp, sp, #16
  52 003e 7047     		bx	lr
  54              		.align	1
  55              		.global	u0_dbg_put
  56              		.thumb
  57              		.thumb_func
  59              	u0_dbg_put:
  60              		@ args = 0, pretend = 0, frame = 0
  61              		@ frame_needed = 0, uses_anonymous_args = 0
  62 0040 10B5     		push	{r4, lr}
  63 0042 441E     		subs	r4, r0, #1
  64              	.L7:
  65 0044 14F8010F 		ldrb	r0, [r4, #1]!	@ zero_extendqisi2
  66 0048 10B1     		cbz	r0, .L9
  67 004a FFF7FEFF 		bl	uart0_putchar
  68 004e F9E7     		b	.L7
  69              	.L9:
  70 0050 10BD     		pop	{r4, pc}
  72              		.align	1
  73              		.global	mprintf
  74              		.thumb
  75              		.thumb_func
  77              	mprintf:
  78              		@ args = 4, pretend = 16, frame = 8
  79              		@ frame_needed = 0, uses_anonymous_args = 1
  80 0052 0FB4     		push	{r0, r1, r2, r3}
  81 0054 F7B5     		push	{r0, r1, r2, r4, r5, r6, r7, lr}
  82 0056 08AE     		add	r6, sp, #32
  83 0058 56F8047B 		ldr	r7, [r6], #4
  84 005c 3846     		mov	r0, r7
  85 005e FFF7FEFF 		bl	strlen
  86 0062 20F00F00 		bic	r0, r0, #15
  87 0066 00F12004 		add	r4, r0, #32
  88 006a 2046     		mov	r0, r4
  89 006c FFF7FEFF 		bl	malloc
  90 0070 0546     		mov	r5, r0
  91 0072 0096     		str	r6, [sp]
  92 0074 1026     		movs	r6, #16
  93              	.L11:
  94 0076 95B1     		cbz	r5, .L13
  95 0078 009B     		ldr	r3, [sp]
  96 007a 3A46     		mov	r2, r7
  97 007c 2146     		mov	r1, r4
  98 007e 2846     		mov	r0, r5
  99 0080 0193     		str	r3, [sp, #4]
 100 0082 FFF7FEFF 		bl	vsnprintf
 101 0086 8442     		cmp	r4, r0
 102 0088 09DC     		bgt	.L13
 103 008a 90FBF6F4 		sdiv	r4, r0, r6
 104 008e 0134     		adds	r4, r4, #1
 105 0090 2401     		lsls	r4, r4, #4
 106 0092 2846     		mov	r0, r5
 107 0094 2146     		mov	r1, r4
 108 0096 FFF7FEFF 		bl	realloc
 109 009a 0546     		mov	r5, r0
 110 009c EBE7     		b	.L11
 111              	.L13:
 112 009e 2846     		mov	r0, r5
 113 00a0 03B0     		add	sp, sp, #12
 114              		@ sp needed
 115 00a2 BDE8F040 		pop	{r4, r5, r6, r7, lr}
 116 00a6 04B0     		add	sp, sp, #16
 117 00a8 7047     		bx	lr
 119              		.ident	"GCC: (GNU Tools for ARM Embedded Processors) 5.4.1 20160609 (release) [ARM/embedded-5-bran
DEFINED SYMBOLS
                            *ABS*:00000000 printf_lib.c
     /tmp/ccN0A0ws.s:17     .text:00000000 $t
     /tmp/ccN0A0ws.s:22     .text:00000000 u0_dbg_printf
     /tmp/ccN0A0ws.s:59     .text:00000040 u0_dbg_put
     /tmp/ccN0A0ws.s:77     .text:00000052 mprintf

UNDEFINED SYMBOLS
memset
vsprintf
uart0_putchar
strlen
malloc
vsnprintf
realloc
