   1              		.syntax unified
   2              		.cpu cortex-m3
   3              		.fpu softvfp
   4              		.eabi_attribute 20, 1
   5              		.eabi_attribute 21, 1
   6              		.eabi_attribute 23, 3
   7              		.eabi_attribute 24, 1
   8              		.eabi_attribute 25, 1
   9              		.eabi_attribute 26, 1
  10              		.eabi_attribute 30, 4
  11              		.eabi_attribute 34, 1
  12              		.eabi_attribute 18, 4
  13              		.thumb
  14              		.file	"storage.cpp"
  15              		.text
  16              		.align	1
  17              		.global	_ZN7Storage4copyEPKcS1_PjS2_S2_
  18              		.thumb
  19              		.thumb_func
  21              	_ZN7Storage4copyEPKcS1_PjS2_S2_:
  22              		@ args = 4, pretend = 0, frame = 600
  23              		@ frame_needed = 0, uses_anonymous_args = 0
  24 0000 2DE9F04F 		push	{r4, r5, r6, r7, r8, r9, sl, fp, lr}
  25 0004 ADF5177D 		sub	sp, sp, #604
  26 0008 0546     		mov	r5, r0
  27 000a 0DF50078 		add	r8, sp, #512
  28 000e 0C46     		mov	r4, r1
  29 0010 1746     		mov	r7, r2
  30 0012 4046     		mov	r0, r8
  31 0014 2946     		mov	r1, r5
  32 0016 0122     		movs	r2, #1
  33 0018 9A46     		mov	sl, r3
  34 001a FFF7FEFF 		bl	f_open
  35 001e 8346     		mov	fp, r0
  36 0020 0028     		cmp	r0, #0
  37 0022 32D1     		bne	.L2
  38 0024 0DF50A79 		add	r9, sp, #552
  39 0028 2146     		mov	r1, r4
  40 002a 4846     		mov	r0, r9
  41 002c 0A22     		movs	r2, #10
  42 002e FFF7FEFF 		bl	f_open
  43 0032 8346     		mov	fp, r0
  44 0034 0446     		mov	r4, r0
  45 0036 08B1     		cbz	r0, .L3
  46 0038 4046     		mov	r0, r8
  47 003a 24E0     		b	.L14
  48              	.L3:
  49 003c 9490     		str	r0, [sp, #592]
  50 003e 9590     		str	r0, [sp, #596]
  51 0040 0546     		mov	r5, r0
  52 0042 0646     		mov	r6, r0
  53              	.L11:
  54 0044 FFF7FEFF 		bl	sys_get_uptime_ms
  55 0048 6946     		mov	r1, sp
  56 004a 8046     		mov	r8, r0
  57 004c 4FF40072 		mov	r2, #512
  58 0050 80A8     		add	r0, sp, #512
  59 0052 94AB     		add	r3, sp, #592
  60 0054 FFF7FEFF 		bl	f_read
  61 0058 8346     		mov	fp, r0
  62 005a 30B9     		cbnz	r0, .L4
  63 005c 949B     		ldr	r3, [sp, #592]
  64 005e 23B1     		cbz	r3, .L4
  65 0060 18E0     		b	.L15
  66              	.L16:
  67 0062 949B     		ldr	r3, [sp, #592]
  68 0064 959A     		ldr	r2, [sp, #596]
  69 0066 9A42     		cmp	r2, r3
  70 0068 26D0     		beq	.L6
  71              	.L4:
  72 006a 07B1     		cbz	r7, .L7
  73 006c 3E60     		str	r6, [r7, #0]
  74              	.L7:
  75 006e BAF1000F 		cmp	sl, #0
  76 0072 01D0     		beq	.L8
  77 0074 CAF80050 		str	r5, [sl, #0]
  78              	.L8:
  79 0078 A09B     		ldr	r3, [sp, #640]
  80 007a 03B1     		cbz	r3, .L9
  81 007c 1C60     		str	r4, [r3, #0]
  82              	.L9:
  83 007e 80A8     		add	r0, sp, #512
  84 0080 FFF7FEFF 		bl	f_close
  85 0084 8AA8     		add	r0, sp, #552
  86              	.L14:
  87 0086 FFF7FEFF 		bl	f_close
  88              	.L2:
  89 008a 5846     		mov	r0, fp
  90 008c 0DF5177D 		add	sp, sp, #604
  91 0090 BDE8F08F 		pop	{r4, r5, r6, r7, r8, r9, sl, fp, pc}
  92              	.L15:
  93 0094 FFF7FEFF 		bl	sys_get_uptime_ms
  94 0098 C8EB0008 		rsb	r8, r8, r0
  95 009c FFF7FEFF 		bl	sys_get_uptime_ms
  96 00a0 4644     		add	r6, r6, r8
  97 00a2 6946     		mov	r1, sp
  98 00a4 8046     		mov	r8, r0
  99 00a6 949A     		ldr	r2, [sp, #592]
 100 00a8 4846     		mov	r0, r9
 101 00aa 95AB     		add	r3, sp, #596
 102 00ac FFF7FEFF 		bl	f_write
 103 00b0 8346     		mov	fp, r0
 104 00b2 0028     		cmp	r0, #0
 105 00b4 D9D1     		bne	.L4
 106 00b6 D4E7     		b	.L16
 107              	.L6:
 108 00b8 FFF7FEFF 		bl	sys_get_uptime_ms
 109 00bc 949B     		ldr	r3, [sp, #592]
 110 00be C8EB0008 		rsb	r8, r8, r0
 111 00c2 4544     		add	r5, r5, r8
 112 00c4 E418     		adds	r4, r4, r3
 113 00c6 BDE7     		b	.L11
 115              		.align	1
 116              		.global	_ZN7Storage4readEPKcPvjj
 117              		.thumb
 118              		.thumb_func
 120              	_ZN7Storage4readEPKcPvjj:
 121              		@ args = 0, pretend = 0, frame = 48
 122              		@ frame_needed = 0, uses_anonymous_args = 0
 123 00c8 F0B5     		push	{r4, r5, r6, r7, lr}
 124 00ca 0746     		mov	r7, r0
 125 00cc 8DB0     		sub	sp, sp, #52
 126 00ce 0D46     		mov	r5, r1
 127 00d0 1446     		mov	r4, r2
 128 00d2 3946     		mov	r1, r7
 129 00d4 1E46     		mov	r6, r3
 130 00d6 01A8     		add	r0, sp, #4
 131 00d8 0023     		movs	r3, #0
 132 00da 0122     		movs	r2, #1
 133 00dc 0B93     		str	r3, [sp, #44]
 134 00de FFF7FEFF 		bl	f_open
 135 00e2 0746     		mov	r7, r0
 136 00e4 70B9     		cbnz	r0, .L18
 137 00e6 1EB1     		cbz	r6, .L19
 138 00e8 01A8     		add	r0, sp, #4
 139 00ea 3146     		mov	r1, r6
 140 00ec FFF7FEFF 		bl	f_lseek
 141              	.L19:
 142 00f0 01A8     		add	r0, sp, #4
 143 00f2 2946     		mov	r1, r5
 144 00f4 2246     		mov	r2, r4
 145 00f6 0BAB     		add	r3, sp, #44
 146 00f8 FFF7FEFF 		bl	f_read
 147 00fc 0746     		mov	r7, r0
 148 00fe 01A8     		add	r0, sp, #4
 149 0100 FFF7FEFF 		bl	f_close
 150              	.L18:
 151 0104 3846     		mov	r0, r7
 152 0106 0DB0     		add	sp, sp, #52
 153 0108 F0BD     		pop	{r4, r5, r6, r7, pc}
 155              		.align	1
 156              		.global	_ZN7Storage5writeEPKcPvjj
 157              		.thumb
 158              		.thumb_func
 160              	_ZN7Storage5writeEPKcPvjj:
 161              		@ args = 0, pretend = 0, frame = 48
 162              		@ frame_needed = 0, uses_anonymous_args = 0
 163 010a F0B5     		push	{r4, r5, r6, r7, lr}
 164 010c 0746     		mov	r7, r0
 165 010e 8DB0     		sub	sp, sp, #52
 166 0110 0D46     		mov	r5, r1
 167 0112 1446     		mov	r4, r2
 168 0114 3946     		mov	r1, r7
 169 0116 1E46     		mov	r6, r3
 170 0118 01A8     		add	r0, sp, #4
 171 011a 0023     		movs	r3, #0
 172 011c 0A22     		movs	r2, #10
 173 011e 0B93     		str	r3, [sp, #44]
 174 0120 FFF7FEFF 		bl	f_open
 175 0124 0746     		mov	r7, r0
 176 0126 70B9     		cbnz	r0, .L21
 177 0128 1EB1     		cbz	r6, .L22
 178 012a 01A8     		add	r0, sp, #4
 179 012c 3146     		mov	r1, r6
 180 012e FFF7FEFF 		bl	f_lseek
 181              	.L22:
 182 0132 01A8     		add	r0, sp, #4
 183 0134 2946     		mov	r1, r5
 184 0136 2246     		mov	r2, r4
 185 0138 0BAB     		add	r3, sp, #44
 186 013a FFF7FEFF 		bl	f_write
 187 013e 0746     		mov	r7, r0
 188 0140 01A8     		add	r0, sp, #4
 189 0142 FFF7FEFF 		bl	f_close
 190              	.L21:
 191 0146 3846     		mov	r0, r7
 192 0148 0DB0     		add	sp, sp, #52
 193 014a F0BD     		pop	{r4, r5, r6, r7, pc}
 195              		.align	1
 196              		.global	_ZN7Storage6appendEPKcPvjj
 197              		.thumb
 198              		.thumb_func
 200              	_ZN7Storage6appendEPKcPvjj:
 201              		@ args = 0, pretend = 0, frame = 48
 202              		@ frame_needed = 0, uses_anonymous_args = 0
 203 014c F0B5     		push	{r4, r5, r6, r7, lr}
 204 014e 0746     		mov	r7, r0
 205 0150 8DB0     		sub	sp, sp, #52
 206 0152 0D46     		mov	r5, r1
 207 0154 1446     		mov	r4, r2
 208 0156 3946     		mov	r1, r7
 209 0158 1E46     		mov	r6, r3
 210 015a 01A8     		add	r0, sp, #4
 211 015c 0023     		movs	r3, #0
 212 015e 1222     		movs	r2, #18
 213 0160 0B93     		str	r3, [sp, #44]
 214 0162 FFF7FEFF 		bl	f_open
 215 0166 0746     		mov	r7, r0
 216 0168 80B9     		cbnz	r0, .L24
 217 016a 01A8     		add	r0, sp, #4
 218 016c 0EB1     		cbz	r6, .L25
 219 016e 3146     		mov	r1, r6
 220 0170 00E0     		b	.L27
 221              	.L25:
 222 0172 0499     		ldr	r1, [sp, #16]
 223              	.L27:
 224 0174 FFF7FEFF 		bl	f_lseek
 225 0178 01A8     		add	r0, sp, #4
 226 017a 2946     		mov	r1, r5
 227 017c 2246     		mov	r2, r4
 228 017e 0BAB     		add	r3, sp, #44
 229 0180 FFF7FEFF 		bl	f_write
 230 0184 0746     		mov	r7, r0
 231 0186 01A8     		add	r0, sp, #4
 232 0188 FFF7FEFF 		bl	f_close
 233              	.L24:
 234 018c 3846     		mov	r0, r7
 235 018e 0DB0     		add	sp, sp, #52
 236 0190 F0BD     		pop	{r4, r5, r6, r7, pc}
 238              		.ident	"GCC: (GNU Tools for ARM Embedded Processors) 4.6.2 20120613 (release) [ARM/embedded-4_6-br
DEFINED SYMBOLS
                            *ABS*:00000000 storage.cpp
     /tmp/ccBSvd8N.s:16     .text:00000000 $t
     /tmp/ccBSvd8N.s:21     .text:00000000 _ZN7Storage4copyEPKcS1_PjS2_S2_
     /tmp/ccBSvd8N.s:120    .text:000000c8 _ZN7Storage4readEPKcPvjj
     /tmp/ccBSvd8N.s:160    .text:0000010a _ZN7Storage5writeEPKcPvjj
     /tmp/ccBSvd8N.s:200    .text:0000014c _ZN7Storage6appendEPKcPvjj

UNDEFINED SYMBOLS
f_open
sys_get_uptime_ms
f_read
f_close
f_write
f_lseek
