   1              		.syntax unified
   2              		.cpu cortex-m3
   3              		.fpu softvfp
   4              		.eabi_attribute 20, 1
   5              		.eabi_attribute 21, 1
   6              		.eabi_attribute 23, 3
   7              		.eabi_attribute 24, 1
   8              		.eabi_attribute 25, 1
   9              		.eabi_attribute 26, 1
  10              		.eabi_attribute 30, 4
  11              		.eabi_attribute 34, 1
  12              		.eabi_attribute 18, 4
  13              		.thumb
  14              		.syntax unified
  15              		.file	"spi_dma.c"
  16              		.text
  17              		.align	1
  18              		.global	spiDmaInitialize
  19              		.thumb
  20              		.thumb_func
  22              	spiDmaInitialize:
  23              		@ args = 0, pretend = 0, frame = 0
  24              		@ frame_needed = 0, uses_anonymous_args = 0
  25              		@ link register save eliminated.
  26 0000 064A     		ldr	r2, .L6
  27 0002 D2F8C430 		ldr	r3, [r2, #196]
  28 0006 43F00053 		orr	r3, r3, #536870912
  29 000a C2F8C430 		str	r3, [r2, #196]
  30 000e 044B     		ldr	r3, .L6+4
  31 0010 0122     		movs	r2, #1
  32 0012 1A63     		str	r2, [r3, #48]
  33              	.L2:
  34 0014 1A6B     		ldr	r2, [r3, #48]
  35 0016 D207     		lsls	r2, r2, #31
  36 0018 FCD5     		bpl	.L2
  37 001a 7047     		bx	lr
  38              	.L7:
  39              		.align	2
  40              	.L6:
  41 001c 00C00F40 		.word	1074774016
  42 0020 00400050 		.word	1342193664
  44              		.align	1
  45              		.global	spi1_dma_transfer_block
  46              		.thumb
  47              		.thumb_func
  49              	spi1_dma_transfer_block:
  50              		@ args = 0, pretend = 0, frame = 8
  51              		@ frame_needed = 0, uses_anonymous_args = 0
  52 0024 73B5     		push	{r0, r1, r4, r5, r6, lr}
  53 0026 4FF0FF33 		mov	r3, #-1
  54 002a B1F5805F 		cmp	r1, #4096
  55 002e 0193     		str	r3, [sp, #4]
  56 0030 4AD2     		bcs	.L17
  57 0032 284B     		ldr	r3, .L24
  58 0034 1C69     		ldr	r4, [r3, #16]
  59 0036 E407     		lsls	r4, r4, #31
  60 0038 48D4     		bmi	.L19
  61 003a 274C     		ldr	r4, .L24+4
  62 003c 2469     		ldr	r4, [r4, #16]
  63 003e E607     		lsls	r6, r4, #31
  64 0040 44D4     		bmi	.L19
  65 0042 264C     		ldr	r4, .L24+8
  66              	.L10:
  67 0044 E568     		ldr	r5, [r4, #12]
  68 0046 6D07     		lsls	r5, r5, #29
  69 0048 01D5     		bpl	.L23
  70 004a A568     		ldr	r5, [r4, #8]
  71 004c FAE7     		b	.L10
  72              	.L23:
  73 004e 244C     		ldr	r4, .L24+12
  74 0050 0325     		movs	r5, #3
  75 0052 A560     		str	r5, [r4, #8]
  76 0054 2561     		str	r5, [r4, #16]
  77 0056 234C     		ldr	r4, .L24+16
  78 0058 1E4E     		ldr	r6, .L24
  79 005a 1C60     		str	r4, [r3]
  80 005c 2546     		mov	r5, r4
  81 005e 22B1     		cbz	r2, .L12
  82 0060 01AC     		add	r4, sp, #4
  83 0062 7460     		str	r4, [r6, #4]
  84 0064 41F00044 		orr	r4, r1, #-2147483648
  85 0068 02E0     		b	.L21
  86              	.L12:
  87 006a 7060     		str	r0, [r6, #4]
  88 006c 41F00844 		orr	r4, r1, #-2013265920
  89              	.L21:
  90 0070 F460     		str	r4, [r6, #12]
  91 0072 0024     		movs	r4, #0
  92 0074 9C60     		str	r4, [r3, #8]
  93 0076 41F20604 		movw	r4, #4102
  94 007a 1C61     		str	r4, [r3, #16]
  95 007c 164C     		ldr	r4, .L24+4
  96 007e 1AB1     		cbz	r2, .L14
  97 0080 2060     		str	r0, [r4]
  98 0082 41F08061 		orr	r1, r1, #67108864
  99 0086 01E0     		b	.L22
 100              	.L14:
 101 0088 01AA     		add	r2, sp, #4
 102 008a 2260     		str	r2, [r4]
 103              	.L22:
 104 008c 0022     		movs	r2, #0
 105 008e E160     		str	r1, [r4, #12]
 106 0090 6560     		str	r5, [r4, #4]
 107 0092 A260     		str	r2, [r4, #8]
 108 0094 4FF40862 		mov	r2, #2176
 109 0098 2261     		str	r2, [r4, #16]
 110 009a 1A69     		ldr	r2, [r3, #16]
 111 009c 42F00102 		orr	r2, r2, #1
 112 00a0 1A61     		str	r2, [r3, #16]
 113 00a2 2269     		ldr	r2, [r4, #16]
 114 00a4 42F00102 		orr	r2, r2, #1
 115 00a8 2261     		str	r2, [r4, #16]
 116 00aa 0C4A     		ldr	r2, .L24+8
 117 00ac 516A     		ldr	r1, [r2, #36]
 118 00ae 41F00301 		orr	r1, r1, #3
 119 00b2 5162     		str	r1, [r2, #36]
 120              	.L16:
 121 00b4 D868     		ldr	r0, [r3, #12]
 122 00b6 C0F30B00 		ubfx	r0, r0, #0, #12
 123 00ba 0028     		cmp	r0, #0
 124 00bc FAD1     		bne	.L16
 125 00be 536A     		ldr	r3, [r2, #36]
 126 00c0 23F00303 		bic	r3, r3, #3
 127 00c4 5362     		str	r3, [r2, #36]
 128 00c6 02E0     		b	.L9
 129              	.L17:
 130 00c8 0120     		movs	r0, #1
 131 00ca 00E0     		b	.L9
 132              	.L19:
 133 00cc 0220     		movs	r0, #2
 134              	.L9:
 135 00ce 02B0     		add	sp, sp, #8
 136              		@ sp needed
 137 00d0 70BD     		pop	{r4, r5, r6, pc}
 138              	.L25:
 139 00d2 00BF     		.align	2
 140              	.L24:
 141 00d4 20410050 		.word	1342193952
 142 00d8 00410050 		.word	1342193920
 143 00dc 00000340 		.word	1073938432
 144 00e0 00400050 		.word	1342193664
 145 00e4 08000340 		.word	1073938440
 147              		.ident	"GCC: (GNU Tools for ARM Embedded Processors) 5.4.1 20160609 (release) [ARM/embedded-5-bran
DEFINED SYMBOLS
                            *ABS*:00000000 spi_dma.c
     /tmp/ccpckzfu.s:17     .text:00000000 $t
     /tmp/ccpckzfu.s:22     .text:00000000 spiDmaInitialize
     /tmp/ccpckzfu.s:41     .text:0000001c $d
     /tmp/ccpckzfu.s:44     .text:00000024 $t
     /tmp/ccpckzfu.s:49     .text:00000024 spi1_dma_transfer_block
     /tmp/ccpckzfu.s:141    .text:000000d4 $d

NO UNDEFINED SYMBOLS
