   1              		.syntax unified
   2              		.cpu cortex-m3
   3              		.fpu softvfp
   4              		.eabi_attribute 20, 1
   5              		.eabi_attribute 21, 1
   6              		.eabi_attribute 23, 3
   7              		.eabi_attribute 24, 1
   8              		.eabi_attribute 25, 1
   9              		.eabi_attribute 26, 1
  10              		.eabi_attribute 30, 4
  11              		.eabi_attribute 34, 1
  12              		.eabi_attribute 18, 4
  13              		.thumb
  14              		.syntax unified
  15              		.file	"uart3.cpp"
  16              		.text
  17              		.align	1
  18              		.global	_ZN5Uart34initEjii
  19              		.thumb
  20              		.thumb_func
  22              	_ZN5Uart34initEjii:
  23              		@ args = 0, pretend = 0, frame = 0
  24              		@ frame_needed = 0, uses_anonymous_args = 0
  25 0000 2DE9F341 		push	{r0, r1, r4, r5, r6, r7, r8, lr}
  26 0004 0546     		mov	r5, r0
  27 0006 1348     		ldr	r0, .L2
  28 0008 9846     		mov	r8, r3
  29 000a 436A     		ldr	r3, [r0, #36]
  30 000c 0E46     		mov	r6, r1
  31 000e 23F07063 		bic	r3, r3, #251658240
  32 0012 4362     		str	r3, [r0, #36]
  33 0014 446A     		ldr	r4, [r0, #36]
  34 0016 1746     		mov	r7, r2
  35 0018 44F07064 		orr	r4, r4, #251658240
  36 001c 4462     		str	r4, [r0, #36]
  37 001e 00F55020 		add	r0, r0, #851968
  38 0022 D0F8AC41 		ldr	r4, [r0, #428]
  39 0026 24F44024 		bic	r4, r4, #786432
  40 002a C0F8AC41 		str	r4, [r0, #428]
  41 002e D0F8AC41 		ldr	r4, [r0, #428]
  42 0032 44F48024 		orr	r4, r4, #262144
  43 0036 C0F8AC41 		str	r4, [r0, #428]
  44 003a FFF7FEFF 		bl	sys_get_cpu_clock
  45 003e CDF80080 		str	r8, [sp]
  46 0042 0146     		mov	r1, r0
  47 0044 3B46     		mov	r3, r7
  48 0046 3246     		mov	r2, r6
  49 0048 2846     		mov	r0, r5
  50 004a FFF7FEFF 		bl	_ZN7UartDev4initEjjii
  51 004e 02B0     		add	sp, sp, #8
  52              		@ sp needed
  53 0050 BDE8F081 		pop	{r4, r5, r6, r7, r8, pc}
  54              	.L3:
  55              		.align	2
  56              	.L2:
  57 0054 00C00240 		.word	1073922048
  59              		.align	1
  60              		.global	_ZN5Uart3C2Ev
  61              		.thumb
  62              		.thumb_func
  64              	_ZN5Uart3C2Ev:
  65              		@ args = 0, pretend = 0, frame = 0
  66              		@ frame_needed = 0, uses_anonymous_args = 0
  67 0058 10B5     		push	{r4, lr}
  68 005a 0446     		mov	r4, r0
  69 005c 0249     		ldr	r1, .L5
  70 005e FFF7FEFF 		bl	_ZN7UartDevC2EPj
  71 0062 2046     		mov	r0, r4
  72 0064 10BD     		pop	{r4, pc}
  73              	.L6:
  74 0066 00BF     		.align	2
  75              	.L5:
  76 0068 00C00940 		.word	1074380800
  78              		.global	_ZN5Uart3C1Ev
  79              		.thumb_set _ZN5Uart3C1Ev,_ZN5Uart3C2Ev
  80              		.align	1
  81              		.global	UART3_IRQHandler
  82              		.thumb
  83              		.thumb_func
  85              	UART3_IRQHandler:
  86              		@ args = 0, pretend = 0, frame = 0
  87              		@ frame_needed = 0, uses_anonymous_args = 0
  88 006c 38B5     		push	{r3, r4, r5, lr}
  89 006e 074C     		ldr	r4, .L10
  90 0070 2368     		ldr	r3, [r4]
  91 0072 33B9     		cbnz	r3, .L8
  92 0074 2820     		movs	r0, #40
  93 0076 FFF7FEFF 		bl	_Znwj
  94 007a 0546     		mov	r5, r0
  95 007c FFF7FEFF 		bl	_ZN5Uart3C1Ev
  96 0080 2560     		str	r5, [r4]
  97              	.L8:
  98 0082 2068     		ldr	r0, [r4]
  99 0084 BDE83840 		pop	{r3, r4, r5, lr}
 100 0088 FFF7FEBF 		b	_ZN7UartDev15handleInterruptEv
 101              	.L11:
 102              		.align	2
 103              	.L10:
 104 008c 00000000 		.word	_ZN17SingletonTemplateI5Uart3E19mpSingletonInstanceE
 106              		.weak	_ZN17SingletonTemplateI5Uart3E19mpSingletonInstanceE
 107              		.section	.bss._ZN17SingletonTemplateI5Uart3E19mpSingletonInstanceE,"awG",%nobits,_ZN17SingletonTem
 108              		.align	2
 111              	_ZN17SingletonTemplateI5Uart3E19mpSingletonInstanceE:
 112 0000 00000000 		.space	4
 113              		.ident	"GCC: (GNU Tools for ARM Embedded Processors) 5.4.1 20160609 (release) [ARM/embedded-5-bran
DEFINED SYMBOLS
                            *ABS*:00000000 uart3.cpp
     /tmp/ccrfzr1D.s:17     .text:00000000 $t
     /tmp/ccrfzr1D.s:22     .text:00000000 _ZN5Uart34initEjii
     /tmp/ccrfzr1D.s:57     .text:00000054 $d
     /tmp/ccrfzr1D.s:59     .text:00000058 $t
     /tmp/ccrfzr1D.s:64     .text:00000058 _ZN5Uart3C2Ev
     /tmp/ccrfzr1D.s:76     .text:00000068 $d
     /tmp/ccrfzr1D.s:64     .text:00000058 _ZN5Uart3C1Ev
     /tmp/ccrfzr1D.s:80     .text:0000006c $t
     /tmp/ccrfzr1D.s:85     .text:0000006c UART3_IRQHandler
     /tmp/ccrfzr1D.s:104    .text:0000008c $d
     /tmp/ccrfzr1D.s:111    .bss._ZN17SingletonTemplateI5Uart3E19mpSingletonInstanceE:00000000 _ZN17SingletonTemplateI5Uart3E19mpSingletonInstanceE
     /tmp/ccrfzr1D.s:108    .bss._ZN17SingletonTemplateI5Uart3E19mpSingletonInstanceE:00000000 $d

UNDEFINED SYMBOLS
sys_get_cpu_clock
_ZN7UartDev4initEjjii
_ZN7UartDevC2EPj
_Znwj
_ZN7UartDev15handleInterruptEv
