   1              		.syntax unified
   2              		.cpu cortex-m3
   3              		.fpu softvfp
   4              		.eabi_attribute 20, 1
   5              		.eabi_attribute 21, 1
   6              		.eabi_attribute 23, 3
   7              		.eabi_attribute 24, 1
   8              		.eabi_attribute 25, 1
   9              		.eabi_attribute 26, 1
  10              		.eabi_attribute 30, 4
  11              		.eabi_attribute 34, 1
  12              		.eabi_attribute 18, 4
  13              		.thumb
  14              		.file	"reentrant.c"
  15              		.text
  16              		.align	1
  17              		.global	ff_cre_syncobj
  18              		.thumb
  19              		.thumb_func
  21              	ff_cre_syncobj:
  22              		@ args = 0, pretend = 0, frame = 0
  23              		@ frame_needed = 0, uses_anonymous_args = 0
  24 0000 10B5     		push	{r4, lr}
  25 0002 0120     		movs	r0, #1
  26 0004 0C46     		mov	r4, r1
  27 0006 FFF7FEFF 		bl	xQueueCreateMutex
  28 000a 2060     		str	r0, [r4, #0]
  29 000c 0030     		adds	r0, r0, #0
  30 000e 18BF     		it	ne
  31 0010 0120     		movne	r0, #1
  32 0012 10BD     		pop	{r4, pc}
  34              		.align	1
  35              		.global	ff_del_syncobj
  36              		.thumb
  37              		.thumb_func
  39              	ff_del_syncobj:
  40              		@ args = 0, pretend = 0, frame = 0
  41              		@ frame_needed = 0, uses_anonymous_args = 0
  42              		@ link register save eliminated.
  43 0014 0120     		movs	r0, #1
  44 0016 7047     		bx	lr
  46              		.align	1
  47              		.global	ff_req_grant
  48              		.thumb
  49              		.thumb_func
  51              	ff_req_grant:
  52              		@ args = 0, pretend = 0, frame = 0
  53              		@ frame_needed = 0, uses_anonymous_args = 0
  54 0018 10B5     		push	{r4, lr}
  55 001a 0446     		mov	r4, r0
  56 001c FFF7FEFF 		bl	xTaskGetSchedulerState
  57 0020 0128     		cmp	r0, #1
  58 0022 0CD1     		bne	.L5
  59 0024 0021     		movs	r1, #0
  60 0026 0B46     		mov	r3, r1
  61 0028 2046     		mov	r0, r4
  62 002a 40F6B832 		movw	r2, #3000
  63 002e FFF7FEFF 		bl	xQueueGenericReceive
  64 0032 A0F10103 		sub	r3, r0, #1
  65 0036 5842     		rsbs	r0, r3, #0
  66 0038 40EB0300 		adc	r0, r0, r3
  67 003c 10BD     		pop	{r4, pc}
  68              	.L5:
  69 003e 0120     		movs	r0, #1
  70 0040 10BD     		pop	{r4, pc}
  72              		.align	1
  73              		.global	ff_rel_grant
  74              		.thumb
  75              		.thumb_func
  77              	ff_rel_grant:
  78              		@ args = 0, pretend = 0, frame = 0
  79              		@ frame_needed = 0, uses_anonymous_args = 0
  80 0042 10B5     		push	{r4, lr}
  81 0044 0446     		mov	r4, r0
  82 0046 FFF7FEFF 		bl	xTaskGetSchedulerState
  83 004a 0128     		cmp	r0, #1
  84 004c 07D1     		bne	.L6
  85 004e 0021     		movs	r1, #0
  86 0050 2046     		mov	r0, r4
  87 0052 0A46     		mov	r2, r1
  88 0054 0B46     		mov	r3, r1
  89 0056 BDE81040 		pop	{r4, lr}
  90 005a FFF7FEBF 		b	xQueueGenericSend
  91              	.L6:
  92 005e 10BD     		pop	{r4, pc}
  94              		.ident	"GCC: (GNU Tools for ARM Embedded Processors) 4.6.2 20120613 (release) [ARM/embedded-4_6-br
DEFINED SYMBOLS
                            *ABS*:00000000 reentrant.c
     /tmp/cc1FiFn0.s:16     .text:00000000 $t
     /tmp/cc1FiFn0.s:21     .text:00000000 ff_cre_syncobj
     /tmp/cc1FiFn0.s:39     .text:00000014 ff_del_syncobj
     /tmp/cc1FiFn0.s:51     .text:00000018 ff_req_grant
     /tmp/cc1FiFn0.s:77     .text:00000042 ff_rel_grant

UNDEFINED SYMBOLS
xQueueCreateMutex
xTaskGetSchedulerState
xQueueGenericReceive
xQueueGenericSend
