   1              		.syntax unified
   2              		.cpu cortex-m3
   3              		.fpu softvfp
   4              		.eabi_attribute 20, 1
   5              		.eabi_attribute 21, 1
   6              		.eabi_attribute 23, 3
   7              		.eabi_attribute 24, 1
   8              		.eabi_attribute 25, 1
   9              		.eabi_attribute 26, 1
  10              		.eabi_attribute 30, 4
  11              		.eabi_attribute 34, 1
  12              		.eabi_attribute 18, 4
  13              		.thumb
  14              		.file	"core_cm3.c"
  15              		.text
  16              		.align	1
  17              		.global	__get_PSP
  18              		.thumb
  19              		.thumb_func
  21              	__get_PSP:
  22              		@ Naked Function: prologue and epilogue provided by programmer.
  23              		@ args = 0, pretend = 0, frame = 0
  24              		@ frame_needed = 0, uses_anonymous_args = 0
  25              	@ 447 "../L0_LowLevel/source/core_cm3.c" 1
  26 0000 EFF30980 		MRS r0, psp
  27 0004 0046     		MOV r0, r0 
  28 0006 7047     		BX  lr     
  29              		
  30              	@ 0 "" 2
  31              		.thumb
  33              		.align	1
  34              		.global	__set_PSP
  35              		.thumb
  36              		.thumb_func
  38              	__set_PSP:
  39              		@ Naked Function: prologue and epilogue provided by programmer.
  40              		@ args = 0, pretend = 0, frame = 0
  41              		@ frame_needed = 0, uses_anonymous_args = 0
  42              	@ 464 "../L0_LowLevel/source/core_cm3.c" 1
  43 0008 80F30988 		MSR psp, r0
  44 000c 7047     		BX  lr     
  45              		
  46              	@ 0 "" 2
  47              		.thumb
  49              		.align	1
  50              		.global	__get_MSP
  51              		.thumb
  52              		.thumb_func
  54              	__get_MSP:
  55              		@ Naked Function: prologue and epilogue provided by programmer.
  56              		@ args = 0, pretend = 0, frame = 0
  57              		@ frame_needed = 0, uses_anonymous_args = 0
  58              	@ 481 "../L0_LowLevel/source/core_cm3.c" 1
  59 000e EFF30880 		MRS r0, msp
  60 0012 0046     		MOV r0, r0 
  61 0014 7047     		BX  lr     
  62              		
  63              	@ 0 "" 2
  64              		.thumb
  66              		.align	1
  67              		.global	__set_MSP
  68              		.thumb
  69              		.thumb_func
  71              	__set_MSP:
  72              		@ Naked Function: prologue and epilogue provided by programmer.
  73              		@ args = 0, pretend = 0, frame = 0
  74              		@ frame_needed = 0, uses_anonymous_args = 0
  75              	@ 498 "../L0_LowLevel/source/core_cm3.c" 1
  76 0016 80F30888 		MSR msp, r0
  77 001a 7047     		BX  lr     
  78              		
  79              	@ 0 "" 2
  80              		.thumb
  82              		.align	1
  83              		.global	__get_BASEPRI
  84              		.thumb
  85              		.thumb_func
  87              	__get_BASEPRI:
  88              		@ args = 0, pretend = 0, frame = 0
  89              		@ frame_needed = 0, uses_anonymous_args = 0
  90              		@ link register save eliminated.
  91              	@ 513 "../L0_LowLevel/source/core_cm3.c" 1
  92 001c EFF31280 		MRS r0, basepri_max
  93              	@ 0 "" 2
  94              		.thumb
  95 0020 7047     		bx	lr
  97              		.align	1
  98              		.global	__set_BASEPRI
  99              		.thumb
 100              		.thumb_func
 102              	__set_BASEPRI:
 103              		@ args = 0, pretend = 0, frame = 0
 104              		@ frame_needed = 0, uses_anonymous_args = 0
 105              		@ link register save eliminated.
 106              	@ 526 "../L0_LowLevel/source/core_cm3.c" 1
 107 0022 80F31188 		MSR basepri, r0
 108              	@ 0 "" 2
 109              		.thumb
 110 0026 7047     		bx	lr
 112              		.align	1
 113              		.global	__get_PRIMASK
 114              		.thumb
 115              		.thumb_func
 117              	__get_PRIMASK:
 118              		@ args = 0, pretend = 0, frame = 0
 119              		@ frame_needed = 0, uses_anonymous_args = 0
 120              		@ link register save eliminated.
 121              	@ 540 "../L0_LowLevel/source/core_cm3.c" 1
 122 0028 EFF31080 		MRS r0, primask
 123              	@ 0 "" 2
 124              		.thumb
 125 002c 7047     		bx	lr
 127              		.align	1
 128              		.global	__set_PRIMASK
 129              		.thumb
 130              		.thumb_func
 132              	__set_PRIMASK:
 133              		@ args = 0, pretend = 0, frame = 0
 134              		@ frame_needed = 0, uses_anonymous_args = 0
 135              		@ link register save eliminated.
 136              	@ 553 "../L0_LowLevel/source/core_cm3.c" 1
 137 002e 80F31088 		MSR primask, r0
 138              	@ 0 "" 2
 139              		.thumb
 140 0032 7047     		bx	lr
 142              		.align	1
 143              		.global	__get_FAULTMASK
 144              		.thumb
 145              		.thumb_func
 147              	__get_FAULTMASK:
 148              		@ args = 0, pretend = 0, frame = 0
 149              		@ frame_needed = 0, uses_anonymous_args = 0
 150              		@ link register save eliminated.
 151              	@ 567 "../L0_LowLevel/source/core_cm3.c" 1
 152 0034 EFF31380 		MRS r0, faultmask
 153              	@ 0 "" 2
 154              		.thumb
 155 0038 7047     		bx	lr
 157              		.align	1
 158              		.global	__set_FAULTMASK
 159              		.thumb
 160              		.thumb_func
 162              	__set_FAULTMASK:
 163              		@ args = 0, pretend = 0, frame = 0
 164              		@ frame_needed = 0, uses_anonymous_args = 0
 165              		@ link register save eliminated.
 166              	@ 580 "../L0_LowLevel/source/core_cm3.c" 1
 167 003a 80F31388 		MSR faultmask, r0
 168              	@ 0 "" 2
 169              		.thumb
 170 003e 7047     		bx	lr
 172              		.align	1
 173              		.global	__get_CONTROL
 174              		.thumb
 175              		.thumb_func
 177              	__get_CONTROL:
 178              		@ args = 0, pretend = 0, frame = 0
 179              		@ frame_needed = 0, uses_anonymous_args = 0
 180              		@ link register save eliminated.
 181              	@ 594 "../L0_LowLevel/source/core_cm3.c" 1
 182 0040 EFF31480 		MRS r0, control
 183              	@ 0 "" 2
 184              		.thumb
 185 0044 7047     		bx	lr
 187              		.align	1
 188              		.global	__set_CONTROL
 189              		.thumb
 190              		.thumb_func
 192              	__set_CONTROL:
 193              		@ args = 0, pretend = 0, frame = 0
 194              		@ frame_needed = 0, uses_anonymous_args = 0
 195              		@ link register save eliminated.
 196              	@ 607 "../L0_LowLevel/source/core_cm3.c" 1
 197 0046 80F31488 		MSR control, r0
 198              	@ 0 "" 2
 199              		.thumb
 200 004a 7047     		bx	lr
 202              		.align	1
 203              		.global	__REV
 204              		.thumb
 205              		.thumb_func
 207              	__REV:
 208              		@ args = 0, pretend = 0, frame = 0
 209              		@ frame_needed = 0, uses_anonymous_args = 0
 210              		@ link register save eliminated.
 211              	@ 623 "../L0_LowLevel/source/core_cm3.c" 1
 212 004c 00BA     		rev r0, r0
 213              	@ 0 "" 2
 214              		.thumb
 215 004e 7047     		bx	lr
 217              		.align	1
 218              		.global	__REV16
 219              		.thumb
 220              		.thumb_func
 222              	__REV16:
 223              		@ args = 0, pretend = 0, frame = 0
 224              		@ frame_needed = 0, uses_anonymous_args = 0
 225              		@ link register save eliminated.
 226              	@ 639 "../L0_LowLevel/source/core_cm3.c" 1
 227 0050 40BA     		rev16 r0, r0
 228              	@ 0 "" 2
 229              		.thumb
 230 0052 7047     		bx	lr
 232              		.align	1
 233              		.global	__REVSH
 234              		.thumb
 235              		.thumb_func
 237              	__REVSH:
 238              		@ args = 0, pretend = 0, frame = 0
 239              		@ frame_needed = 0, uses_anonymous_args = 0
 240              		@ link register save eliminated.
 241              	@ 655 "../L0_LowLevel/source/core_cm3.c" 1
 242 0054 C0BA     		revsh r0, r0
 243              	@ 0 "" 2
 244              		.thumb
 245 0056 7047     		bx	lr
 247              		.align	1
 248              		.global	__RBIT
 249              		.thumb
 250              		.thumb_func
 252              	__RBIT:
 253              		@ args = 0, pretend = 0, frame = 0
 254              		@ frame_needed = 0, uses_anonymous_args = 0
 255              		@ link register save eliminated.
 256              	@ 671 "../L0_LowLevel/source/core_cm3.c" 1
 257 0058 90FAA0F0 		rbit r0, r0
 258              	@ 0 "" 2
 259              		.thumb
 260 005c 7047     		bx	lr
 262              		.align	1
 263              		.global	__LDREXB
 264              		.thumb
 265              		.thumb_func
 267              	__LDREXB:
 268              		@ args = 0, pretend = 0, frame = 0
 269              		@ frame_needed = 0, uses_anonymous_args = 0
 270              		@ link register save eliminated.
 271              	@ 687 "../L0_LowLevel/source/core_cm3.c" 1
 272 005e D0E84F0F 		ldrexb r0, [r0]
 273              	@ 0 "" 2
 274              		.thumb
 275 0062 C0B2     		uxtb	r0, r0
 276 0064 7047     		bx	lr
 278              		.align	1
 279              		.global	__LDREXH
 280              		.thumb
 281              		.thumb_func
 283              	__LDREXH:
 284              		@ args = 0, pretend = 0, frame = 0
 285              		@ frame_needed = 0, uses_anonymous_args = 0
 286              		@ link register save eliminated.
 287              	@ 703 "../L0_LowLevel/source/core_cm3.c" 1
 288 0066 D0E85F0F 		ldrexh r0, [r0]
 289              	@ 0 "" 2
 290              		.thumb
 291 006a 80B2     		uxth	r0, r0
 292 006c 7047     		bx	lr
 294              		.align	1
 295              		.global	__LDREXW
 296              		.thumb
 297              		.thumb_func
 299              	__LDREXW:
 300              		@ args = 0, pretend = 0, frame = 0
 301              		@ frame_needed = 0, uses_anonymous_args = 0
 302              		@ link register save eliminated.
 303              	@ 719 "../L0_LowLevel/source/core_cm3.c" 1
 304 006e 50E8000F 		ldrex r0, [r0]
 305              	@ 0 "" 2
 306              		.thumb
 307 0072 7047     		bx	lr
 309              		.align	1
 310              		.global	__STREXW
 311              		.thumb
 312              		.thumb_func
 314              	__STREXW:
 315              		@ args = 0, pretend = 0, frame = 0
 316              		@ frame_needed = 0, uses_anonymous_args = 0
 317              		@ link register save eliminated.
 318              	@ 773 "../L0_LowLevel/source/core_cm3.c" 1
 319 0074 41E80000 		strex r0, r0, [r1]
 320              	@ 0 "" 2
 321              		.thumb
 322 0078 7047     		bx	lr
 324              		.ident	"GCC: (GNU Tools for ARM Embedded Processors) 4.6.2 20120613 (release) [ARM/embedded-4_6-br
DEFINED SYMBOLS
                            *ABS*:00000000 core_cm3.c
     /tmp/cc7MD4mh.s:16     .text:00000000 $t
     /tmp/cc7MD4mh.s:21     .text:00000000 __get_PSP
     /tmp/cc7MD4mh.s:38     .text:00000008 __set_PSP
     /tmp/cc7MD4mh.s:54     .text:0000000e __get_MSP
     /tmp/cc7MD4mh.s:71     .text:00000016 __set_MSP
     /tmp/cc7MD4mh.s:87     .text:0000001c __get_BASEPRI
     /tmp/cc7MD4mh.s:102    .text:00000022 __set_BASEPRI
     /tmp/cc7MD4mh.s:117    .text:00000028 __get_PRIMASK
     /tmp/cc7MD4mh.s:132    .text:0000002e __set_PRIMASK
     /tmp/cc7MD4mh.s:147    .text:00000034 __get_FAULTMASK
     /tmp/cc7MD4mh.s:162    .text:0000003a __set_FAULTMASK
     /tmp/cc7MD4mh.s:177    .text:00000040 __get_CONTROL
     /tmp/cc7MD4mh.s:192    .text:00000046 __set_CONTROL
     /tmp/cc7MD4mh.s:207    .text:0000004c __REV
     /tmp/cc7MD4mh.s:222    .text:00000050 __REV16
     /tmp/cc7MD4mh.s:237    .text:00000054 __REVSH
     /tmp/cc7MD4mh.s:252    .text:00000058 __RBIT
     /tmp/cc7MD4mh.s:267    .text:0000005e __LDREXB
     /tmp/cc7MD4mh.s:283    .text:00000066 __LDREXH
     /tmp/cc7MD4mh.s:299    .text:0000006e __LDREXW
     /tmp/cc7MD4mh.s:314    .text:00000074 __STREXW

NO UNDEFINED SYMBOLS
