   1              		.syntax unified
   2              		.cpu cortex-m3
   3              		.fpu softvfp
   4              		.eabi_attribute 20, 1
   5              		.eabi_attribute 21, 1
   6              		.eabi_attribute 23, 3
   7              		.eabi_attribute 24, 1
   8              		.eabi_attribute 25, 1
   9              		.eabi_attribute 26, 1
  10              		.eabi_attribute 30, 4
  11              		.eabi_attribute 34, 1
  12              		.eabi_attribute 18, 4
  13              		.thumb
  14              		.syntax unified
  15              		.file	"hooks.c"
  16              		.text
  17              		.align	1
  18              		.global	vApplicationIdleHook
  19              		.thumb
  20              		.thumb_func
  22              	vApplicationIdleHook:
  23              		@ args = 0, pretend = 0, frame = 0
  24              		@ frame_needed = 0, uses_anonymous_args = 0
  25              		@ link register save eliminated.
  26              		.syntax unified
  27              	@ 1196 "../L0_LowLevel/core_cm3.h" 1
  28 0000 30BF     		wfi
  29              	@ 0 "" 2
  30              		.thumb
  31              		.syntax unified
  32 0002 7047     		bx	lr
  34              		.align	1
  35              		.global	vApplicationStackOverflowHook
  36              		.thumb
  37              		.thumb_func
  39              	vApplicationStackOverflowHook:
  40              		@ Volatile: function does not return.
  41              		@ args = 0, pretend = 0, frame = 0
  42              		@ frame_needed = 0, uses_anonymous_args = 0
  43 0004 0C46     		mov	r4, r1
  44 0006 08B5     		push	{r3, lr}
  45 0008 0948     		ldr	r0, .L5
  46 000a FFF7FEFF 		bl	u0_dbg_put
  47 000e 2046     		mov	r0, r4
  48 0010 FFF7FEFF 		bl	u0_dbg_put
  49 0014 0748     		ldr	r0, .L5+4
  50 0016 FFF7FEFF 		bl	u0_dbg_put
  51 001a 0748     		ldr	r0, .L5+8
  52 001c FFF7FEFF 		bl	delay_us
  53 0020 4FF08043 		mov	r3, #1073741824
  54 0024 AA22     		movs	r2, #170
  55 0026 1A72     		strb	r2, [r3, #8]
  56 0028 0022     		movs	r2, #0
  57 002a 1A70     		strb	r2, [r3]
  58              	.L3:
  59 002c FEE7     		b	.L3
  60              	.L6:
  61 002e 00BF     		.align	2
  62              	.L5:
  63 0030 00000000 		.word	.LC0
  64 0034 29000000 		.word	.LC1
  65 0038 C0C62D00 		.word	3000000
  67              		.align	1
  68              		.global	vApplicationMallocFailedHook
  69              		.thumb
  70              		.thumb_func
  72              	vApplicationMallocFailedHook:
  73              		@ Volatile: function does not return.
  74              		@ args = 0, pretend = 0, frame = 0
  75              		@ frame_needed = 0, uses_anonymous_args = 0
  76 003c 08B5     		push	{r3, lr}
  77 003e 0648     		ldr	r0, .L9
  78 0040 FFF7FEFF 		bl	u0_dbg_put
  79 0044 0548     		ldr	r0, .L9+4
  80 0046 FFF7FEFF 		bl	delay_us
  81 004a 4FF08043 		mov	r3, #1073741824
  82 004e AA22     		movs	r2, #170
  83 0050 1A72     		strb	r2, [r3, #8]
  84 0052 0022     		movs	r2, #0
  85 0054 1A70     		strb	r2, [r3]
  86              	.L8:
  87 0056 FEE7     		b	.L8
  88              	.L10:
  89              		.align	2
  90              	.L9:
  91 0058 55000000 		.word	.LC2
  92 005c C0C62D00 		.word	3000000
  94              		.section	.rodata.str1.1,"aMS",%progbits,1
  95              	.LC0:
  96 0000 48414C54 		.ascii	"HALTING SYSTEM: Stack overflow by task: \000"
  96      494E4720 
  96      53595354 
  96      454D3A20 
  96      53746163 
  97              	.LC1:
  98 0029 0A547279 		.ascii	"\012Try increasing stack memory of this task.\012\000"
  98      20696E63 
  98      72656173 
  98      696E6720 
  98      73746163 
  99              	.LC2:
 100 0055 48414C54 		.ascii	"HALTING SYSTEM: Your system ran out of memory (RAM)"
 100      494E4720 
 100      53595354 
 100      454D3A20 
 100      596F7572 
 101 0088 210A00   		.ascii	"!\012\000"
 102              		.ident	"GCC: (GNU Tools for ARM Embedded Processors) 5.4.1 20160609 (release) [ARM/embedded-5-bran
DEFINED SYMBOLS
                            *ABS*:00000000 hooks.c
     /tmp/ccMMqA3b.s:17     .text:00000000 $t
     /tmp/ccMMqA3b.s:22     .text:00000000 vApplicationIdleHook
     /tmp/ccMMqA3b.s:39     .text:00000004 vApplicationStackOverflowHook
     /tmp/ccMMqA3b.s:63     .text:00000030 $d
     /tmp/ccMMqA3b.s:67     .text:0000003c $t
     /tmp/ccMMqA3b.s:72     .text:0000003c vApplicationMallocFailedHook
     /tmp/ccMMqA3b.s:91     .text:00000058 $d

UNDEFINED SYMBOLS
u0_dbg_put
delay_us
