   1              		.syntax unified
   2              		.cpu cortex-m3
   3              		.fpu softvfp
   4              		.eabi_attribute 20, 1
   5              		.eabi_attribute 21, 1
   6              		.eabi_attribute 23, 3
   7              		.eabi_attribute 24, 1
   8              		.eabi_attribute 25, 1
   9              		.eabi_attribute 26, 1
  10              		.eabi_attribute 30, 4
  11              		.eabi_attribute 34, 1
  12              		.eabi_attribute 18, 4
  13              		.thumb
  14              		.syntax unified
  15              		.file	"main.cpp"
  16              		.text
  17              		.align	1
  18              		.global	_Z5ctobaPcc
  19              		.thumb
  20              		.thumb_func
  22              	_Z5ctobaPcc:
  23              		@ args = 0, pretend = 0, frame = 0
  24              		@ frame_needed = 0, uses_anonymous_args = 0
  25 0000 0023     		movs	r3, #0
  26 0002 70B5     		push	{r4, r5, r6, lr}
  27 0004 0371     		strb	r3, [r0, #4]
  28 0006 0822     		movs	r2, #8
  29 0008 0323     		movs	r3, #3
  30 000a 3024     		movs	r4, #48
  31 000c 3125     		movs	r5, #49
  32              	.L4:
  33 000e 42FA03F6 		asr	r6, r2, r3
  34 0012 0E42     		tst	r6, r1
  35 0014 14BF     		ite	ne
  36 0016 C554     		strbne	r5, [r0, r3]
  37 0018 C454     		strbeq	r4, [r0, r3]
  38 001a 13F1FF33 		adds	r3, r3, #-1
  39 001e F6D2     		bcs	.L4
  40 0020 70BD     		pop	{r4, r5, r6, pc}
  42              		.section	.text.startup,"ax",%progbits
  43              		.align	1
  44              		.global	main
  45              		.thumb
  46              		.thumb_func
  48              	main:
  49              		@ args = 0, pretend = 0, frame = 0
  50              		@ frame_needed = 0, uses_anonymous_args = 0
  51 0000 08B5     		push	{r3, lr}
  52              	.L8:
  53 0002 0448     		ldr	r0, .L9
  54 0004 FFF7FEFF 		bl	puts
  55 0008 40F2DC50 		movw	r0, #1500
  56 000c FFF7FEFF 		bl	delay_ms
  57 0010 F7E7     		b	.L8
  58              	.L10:
  59 0012 00BF     		.align	2
  60              	.L9:
  61 0014 00000000 		.word	.LC0
  63              		.section	.rodata.str1.1,"aMS",%progbits,1
  64              	.LC0:
  65 0000 48656C6C 		.ascii	"Hello World\000"
  65      6F20576F 
  65      726C6400 
  66              		.ident	"GCC: (GNU Tools for ARM Embedded Processors) 5.4.1 20160609 (release) [ARM/embedded-5-bran
DEFINED SYMBOLS
                            *ABS*:00000000 main.cpp
     /tmp/ccuvl1hw.s:17     .text:00000000 $t
     /tmp/ccuvl1hw.s:22     .text:00000000 _Z5ctobaPcc
     /tmp/ccuvl1hw.s:43     .text.startup:00000000 $t
     /tmp/ccuvl1hw.s:48     .text.startup:00000000 main
     /tmp/ccuvl1hw.s:61     .text.startup:00000014 $d

UNDEFINED SYMBOLS
puts
delay_ms
