   1              		.syntax unified
   2              		.cpu cortex-m3
   3              		.fpu softvfp
   4              		.eabi_attribute 20, 1
   5              		.eabi_attribute 21, 1
   6              		.eabi_attribute 23, 3
   7              		.eabi_attribute 24, 1
   8              		.eabi_attribute 25, 1
   9              		.eabi_attribute 26, 1
  10              		.eabi_attribute 30, 4
  11              		.eabi_attribute 34, 1
  12              		.eabi_attribute 18, 4
  13              		.thumb
  14              		.file	"heap_3.c"
  15              		.text
  16              		.align	1
  17              		.global	pvPortMalloc
  18              		.thumb
  19              		.thumb_func
  21              	pvPortMalloc:
  22              		@ args = 0, pretend = 0, frame = 0
  23              		@ frame_needed = 0, uses_anonymous_args = 0
  24 0000 10B5     		push	{r4, lr}
  25 0002 0446     		mov	r4, r0
  26 0004 FFF7FEFF 		bl	vTaskSuspendAll
  27 0008 2046     		mov	r0, r4
  28 000a FFF7FEFF 		bl	malloc
  29 000e 0446     		mov	r4, r0
  30 0010 FFF7FEFF 		bl	xTaskResumeAll
  31 0014 0CB9     		cbnz	r4, .L2
  32 0016 FFF7FEFF 		bl	vApplicationMallocFailedHook
  33              	.L2:
  34 001a 2046     		mov	r0, r4
  35 001c 10BD     		pop	{r4, pc}
  37              		.align	1
  38              		.global	vPortFree
  39              		.thumb
  40              		.thumb_func
  42              	vPortFree:
  43              		@ args = 0, pretend = 0, frame = 0
  44              		@ frame_needed = 0, uses_anonymous_args = 0
  45 001e 10B5     		push	{r4, lr}
  46 0020 0446     		mov	r4, r0
  47 0022 40B1     		cbz	r0, .L3
  48 0024 FFF7FEFF 		bl	vTaskSuspendAll
  49 0028 2046     		mov	r0, r4
  50 002a FFF7FEFF 		bl	free
  51 002e BDE81040 		pop	{r4, lr}
  52 0032 FFF7FEBF 		b	xTaskResumeAll
  53              	.L3:
  54 0036 10BD     		pop	{r4, pc}
  56              		.ident	"GCC: (GNU Tools for ARM Embedded Processors) 4.6.2 20120613 (release) [ARM/embedded-4_6-br
DEFINED SYMBOLS
                            *ABS*:00000000 heap_3.c
     /tmp/cc9tZ0Nc.s:16     .text:00000000 $t
     /tmp/cc9tZ0Nc.s:21     .text:00000000 pvPortMalloc
     /tmp/cc9tZ0Nc.s:42     .text:0000001e vPortFree

UNDEFINED SYMBOLS
vTaskSuspendAll
malloc
xTaskResumeAll
vApplicationMallocFailedHook
free
